Using pre-set license
Built from '2020.3/staging' branch; Version is '2020.3.10f1 (297d780c91bc) revision 2719096'; Using compiler version '192528614'; Build Type 'Release'
OS: 'Windows 10 Pro; OS build 19042.985; Version 2009; 64bit' Language: 'en' Physical Memory: 3981 MB
BatchMode: 1, IsHumanControllingUs: 0, StartBugReporterOnCrash: 0, Is64bit: 1, IsPro: 0

 COMMAND LINE ARGUMENTS:
C:\Program Files\Unity\Hub\Editor\2020.3.10f1\Editor\Unity.exe
-adb2
-batchMode
-noUpm
-name
AssetImportWorker10
-projectPath
D:/Data/Zaky/Tugas/Semester 4/Pemrograman 4/Pacman/2D Pacman
-logFile
Logs/AssetImportWorker10.log
-srvPort
50569
Successfully changed project path to: D:/Data/Zaky/Tugas/Semester 4/Pemrograman 4/Pacman/2D Pacman
D:/Data/Zaky/Tugas/Semester 4/Pemrograman 4/Pacman/2D Pacman
Using Asset Import Pipeline V2.
