Using pre-set license
Built from '2020.3/staging' branch; Version is '2020.3.10f1 (297d780c91bc) revision 2719096'; Using compiler version '192528614'; Build Type 'Release'
OS: 'Windows 10 Pro; OS build 19042.985; Version 2009; 64bit' Language: 'en' Physical Memory: 3981 MB
BatchMode: 1, IsHumanControllingUs: 0, StartBugReporterOnCrash: 0, Is64bit: 1, IsPro: 0

 COMMAND LINE ARGUMENTS:
C:\Program Files\Unity\Hub\Editor\2020.3.10f1\Editor\Unity.exe
-adb2
-batchMode
-noUpm
-name
AssetImportWorker22
-projectPath
D:/Data/Zaky/Tugas/Semester 4/Pemrograman 4/Pacman/2D Pacman
-logFile
Logs/AssetImportWorker22.log
-srvPort
50569
Successfully changed project path to: D:/Data/Zaky/Tugas/Semester 4/Pemrograman 4/Pacman/2D Pacman
D:/Data/Zaky/Tugas/Semester 4/Pemrograman 4/Pacman/2D Pacman
Using Asset Import Pipeline V2.
Refreshing native plugins compatible for Editor in 119.30 ms, found 3 plugins.
Preloading 0 native plugins for Editor in 0.00 ms.
Initialize engine version: 2020.3.10f1 (297d780c91bc)
[Subsystems] Discovering subsystems at path C:/Program Files/Unity/Hub/Editor/2020.3.10f1/Editor/Data/Resources/UnitySubsystems
[Subsystems] Discovering subsystems at path D:/Data/Zaky/Tugas/Semester 4/Pemrograman 4/Pacman/2D Pacman/Assets
GfxDevice: creating device client; threaded=0
Direct3D:
    Version:  Direct3D 11.0 [level 11.0]
    Renderer: Intel(R) HD Graphics 4000 (ID=0x166)
    Vendor:   
    VRAM:     128 MB
    Driver:   10.18.10.5161
Initialize mono
Mono path[0] = 'C:/Program Files/Unity/Hub/Editor/2020.3.10f1/Editor/Data/Managed'
Mono path[1] = 'C:/Program Files/Unity/Hub/Editor/2020.3.10f1/Editor/Data/MonoBleedingEdge/lib/mono/unityjit'
Mono config path = 'C:/Program Files/Unity/Hub/Editor/2020.3.10f1/Editor/Data/MonoBleedingEdge/etc'
Using monoOptions --debugger-agent=transport=dt_socket,embedding=1,server=y,suspend=n,address=127.0.0.1:56672
Begin MonoManager ReloadAssembly
Registering precompiled unity dll's ...
Register platform support module: C:/Program Files/Unity/Hub/Editor/2020.3.10f1/Editor/Data/PlaybackEngines/WindowsStandaloneSupport/UnityEditor.WindowsStandalone.Extensions.dll
Registered in 0.009851 seconds.
Native extension for WindowsStandalone target not found
Refreshing native plugins compatible for Editor in 114.40 ms, found 3 plugins.
Preloading 0 native plugins for Editor in 0.00 ms.
Mono: successfully reloaded assembly
- Completed reload, in  3.812 seconds
Platform modules already initialized, skipping
Registering precompiled user dll's ...
Registered in 0.012642 seconds.
Begin MonoManager ReloadAssembly
Native extension for WindowsStandalone target not found
Refreshing native plugins compatible for Editor in 114.73 ms, found 3 plugins.
Preloading 0 native plugins for Editor in 0.00 ms.
Mono: successfully reloaded assembly
- Completed reload, in  4.267 seconds
Platform modules already initialized, skipping
========================================================================
Worker process is ready to serve import requests
Launched and connected shader compiler UnityShaderCompiler.exe after 0.51 seconds
Refreshing native plugins compatible for Editor in 1.32 ms, found 3 plugins.
Preloading 0 native plugins for Editor in 0.00 ms.
Unloading 2088 Unused Serialized files (Serialized files now loaded: 0)
System memory in use before: 93.1 MB.
System memory in use after: 93.0 MB.

Unloading 33 unused Assets to reduce memory usage. Loaded Objects now: 2522.
Total: 210.349400 ms (FindLiveObjects: 0.384700 ms CreateObjectMapping: 0.275200 ms MarkObjects: 191.826100 ms  DeleteObjects: 17.859400 ms)

========================================================================
Received Import Request.
  path: Assets/Scripts/Ghost Behaviors/ChaseMove.cs
  artifactKey: Guid(b40052fe95552db4a960b12eb4823100) Importer(815301076,1909f56bfc062723c751e8b465ee728b)
Start importing Assets/Scripts/Ghost Behaviors/ChaseMove.cs using Guid(b40052fe95552db4a960b12eb4823100) Importer(815301076,1909f56bfc062723c751e8b465ee728b)  -> (artifact id: '3c8cda4d6677afd725e9906c78c5ee59') in 0.734782 seconds
  Import took 0.805246 seconds .

========================================================================
Received Import Request.
  Time since last request: 160.366468 seconds.
  path: Assets/Scripts/Ghost Behaviors/ScaredMove.cs
  artifactKey: Guid(9446c71ac5273424b9cb0be92ffda9bc) Importer(815301076,1909f56bfc062723c751e8b465ee728b)
Start importing Assets/Scripts/Ghost Behaviors/ScaredMove.cs using Guid(9446c71ac5273424b9cb0be92ffda9bc) Importer(815301076,1909f56bfc062723c751e8b465ee728b)  -> (artifact id: 'eab6affdc3e85bc4666e8b104e2dc2ff') in 1.016929 seconds
  Import took 1.487750 seconds .

========================================================================
Received Prepare
Registering precompiled user dll's ...
Registered in 1.446442 seconds.
Begin MonoManager ReloadAssembly
Native extension for WindowsStandalone target not found
Refreshing native plugins compatible for Editor in 1.34 ms, found 3 plugins.
Preloading 0 native plugins for Editor in 0.00 ms.
Mono: successfully reloaded assembly
- Completed reload, in  3.665 seconds
Platform modules already initialized, skipping
Refreshing native plugins compatible for Editor in 2.24 ms, found 3 plugins.
Preloading 0 native plugins for Editor in 0.00 ms.
Unloading 2084 Unused Serialized files (Serialized files now loaded: 0)
System memory in use before: 93.1 MB.
System memory in use after: 93.0 MB.

Unloading 21 unused Assets to reduce memory usage. Loaded Objects now: 2527.
Total: 4.694000 ms (FindLiveObjects: 0.354700 ms CreateObjectMapping: 0.172700 ms MarkObjects: 3.921600 ms  DeleteObjects: 0.241300 ms)

========================================================================
Received Prepare
Registering precompiled user dll's ...
Registered in 0.155997 seconds.
Begin MonoManager ReloadAssembly
Native extension for WindowsStandalone target not found
Refreshing native plugins compatible for Editor in 0.86 ms, found 3 plugins.
Preloading 0 native plugins for Editor in 0.00 ms.
Mono: successfully reloaded assembly
- Completed reload, in  2.744 seconds
Platform modules already initialized, skipping
Refreshing native plugins compatible for Editor in 20.42 ms, found 3 plugins.
Preloading 0 native plugins for Editor in 0.00 ms.
Unloading 2084 Unused Serialized files (Serialized files now loaded: 0)
System memory in use before: 93.1 MB.
System memory in use after: 93.1 MB.

Unloading 21 unused Assets to reduce memory usage. Loaded Objects now: 2531.
Total: 4.679400 ms (FindLiveObjects: 0.405200 ms CreateObjectMapping: 0.277500 ms MarkObjects: 3.737100 ms  DeleteObjects: 0.257100 ms)

========================================================================
Received Import Request.
  Time since last request: 313.672229 seconds.
  path: Assets/Scripts/Ghost Behaviors/ChaseBehavior.cs
  artifactKey: Guid(b40052fe95552db4a960b12eb4823100) Importer(815301076,1909f56bfc062723c751e8b465ee728b)
Start importing Assets/Scripts/Ghost Behaviors/ChaseBehavior.cs using Guid(b40052fe95552db4a960b12eb4823100) Importer(815301076,1909f56bfc062723c751e8b465ee728b)  -> (artifact id: '00000000000000000000000000000000') in 0.003404 seconds
  ERROR: Build asset version error: assets/scripts/ghost behaviors/chasebehavior.cs in SourceAssetDB has modification time of '2021-06-07T23:07:42.3259258Z' while content on disk has modification time of '2021-06-07T23:21:59.2309251Z'
  Import took 0.013014 seconds .

========================================================================
Received Prepare
Registering precompiled user dll's ...
Registered in 0.375535 seconds.
Begin MonoManager ReloadAssembly
Native extension for WindowsStandalone target not found
Refreshing native plugins compatible for Editor in 2.97 ms, found 3 plugins.
Preloading 0 native plugins for Editor in 0.00 ms.
Mono: successfully reloaded assembly
- Completed reload, in 11.310 seconds
Platform modules already initialized, skipping
Refreshing native plugins compatible for Editor in 3.25 ms, found 3 plugins.
Preloading 0 native plugins for Editor in 0.00 ms.
Unloading 2084 Unused Serialized files (Serialized files now loaded: 0)
System memory in use before: 93.1 MB.
System memory in use after: 93.1 MB.

Unloading 21 unused Assets to reduce memory usage. Loaded Objects now: 2535.
Total: 30.731400 ms (FindLiveObjects: 0.696900 ms CreateObjectMapping: 0.361500 ms MarkObjects: 29.031700 ms  DeleteObjects: 0.637300 ms)

========================================================================
Received Import Request.
  Time since last request: 1573.684447 seconds.
  path: Assets/Scripts/Ghost Behaviors/ScaredBehavior.cs
  artifactKey: Guid(9446c71ac5273424b9cb0be92ffda9bc) Importer(815301076,1909f56bfc062723c751e8b465ee728b)
Start importing Assets/Scripts/Ghost Behaviors/ScaredBehavior.cs using Guid(9446c71ac5273424b9cb0be92ffda9bc) Importer(815301076,1909f56bfc062723c751e8b465ee728b)  -> (artifact id: '12d78e0fe9773fc1fd0cf2976c760ee3') in 0.131908 seconds
  Import took 0.202011 seconds .

========================================================================
Received Import Request.
  Time since last request: 0.000830 seconds.
  path: Assets/Scripts/Ghost Behaviors/ChaseBehavior.cs
  artifactKey: Guid(b40052fe95552db4a960b12eb4823100) Importer(815301076,1909f56bfc062723c751e8b465ee728b)
Start importing Assets/Scripts/Ghost Behaviors/ChaseBehavior.cs using Guid(b40052fe95552db4a960b12eb4823100) Importer(815301076,1909f56bfc062723c751e8b465ee728b)  -> (artifact id: 'cb2dbb3fd0e9d544c0ac6e10b53eba57') in 0.006607 seconds
  Import took 0.139299 seconds .

========================================================================
Received Import Request.
  Time since last request: 0.016164 seconds.
  path: Assets/Scripts/Ghost Behaviors/WaypointBehavior.cs
  artifactKey: Guid(1173e64cac6d85749a065e40dc9188a7) Importer(815301076,1909f56bfc062723c751e8b465ee728b)
Start importing Assets/Scripts/Ghost Behaviors/WaypointBehavior.cs using Guid(1173e64cac6d85749a065e40dc9188a7) Importer(815301076,1909f56bfc062723c751e8b465ee728b)  -> (artifact id: 'dd16c6d399af94aae770c0f8ec37ac4e') in 0.007552 seconds
  Import took 0.080585 seconds .

========================================================================
Received Import Request.
  Time since last request: 8.100964 seconds.
  path: Assets/Scripts/GhostMove.cs
  artifactKey: Guid(6f61bef62785c8a4fa2cab9e12576add) Importer(815301076,1909f56bfc062723c751e8b465ee728b)
Start importing Assets/Scripts/GhostMove.cs using Guid(6f61bef62785c8a4fa2cab9e12576add) Importer(815301076,1909f56bfc062723c751e8b465ee728b)  -> (artifact id: '53549ea7bb27d63a8719790503d6c1e2') in 0.134125 seconds
  Import took 0.244781 seconds .

========================================================================
Received Import Request.
  Time since last request: 0.031309 seconds.
  path: Assets/Scripts/GhostMove.cs
  artifactKey: Guid(6f61bef62785c8a4fa2cab9e12576add) Importer(815301076,1909f56bfc062723c751e8b465ee728b)
Start importing Assets/Scripts/GhostMove.cs using Guid(6f61bef62785c8a4fa2cab9e12576add) Importer(815301076,1909f56bfc062723c751e8b465ee728b)  -> (artifact id: '53549ea7bb27d63a8719790503d6c1e2') in 0.006844 seconds
  Import took 0.195542 seconds .

========================================================================
Received Import Request.
  Time since last request: 637.988343 seconds.
  path: Assets/Scripts/GhostMove.cs
  artifactKey: Guid(6f61bef62785c8a4fa2cab9e12576add) Importer(815301076,1909f56bfc062723c751e8b465ee728b)
Start importing Assets/Scripts/GhostMove.cs using Guid(6f61bef62785c8a4fa2cab9e12576add) Importer(815301076,1909f56bfc062723c751e8b465ee728b)  -> (artifact id: 'a821d8d0fce07a05974dcab23827b013') in 0.007524 seconds
  Import took 0.266883 seconds .

========================================================================
Received Import Request.
  Time since last request: 0.090470 seconds.
  path: Assets/Scripts/GhostMove.cs
  artifactKey: Guid(6f61bef62785c8a4fa2cab9e12576add) Importer(815301076,1909f56bfc062723c751e8b465ee728b)
Start importing Assets/Scripts/GhostMove.cs using Guid(6f61bef62785c8a4fa2cab9e12576add) Importer(815301076,1909f56bfc062723c751e8b465ee728b)  -> (artifact id: 'a821d8d0fce07a05974dcab23827b013') in 0.012126 seconds
  Import took 0.050474 seconds .

========================================================================
Received Prepare
Registering precompiled user dll's ...
Registered in 0.440339 seconds.
Begin MonoManager ReloadAssembly
Native extension for WindowsStandalone target not found
Refreshing native plugins compatible for Editor in 1.08 ms, found 3 plugins.
Preloading 0 native plugins for Editor in 0.00 ms.
Mono: successfully reloaded assembly
- Completed reload, in 30.077 seconds
Platform modules already initialized, skipping
Refreshing native plugins compatible for Editor in 1.50 ms, found 3 plugins.
Preloading 0 native plugins for Editor in 0.00 ms.
Unloading 2084 Unused Serialized files (Serialized files now loaded: 0)
System memory in use before: 93.1 MB.
System memory in use after: 93.1 MB.

Unloading 21 unused Assets to reduce memory usage. Loaded Objects now: 2539.
Total: 386.789300 ms (FindLiveObjects: 20.641300 ms CreateObjectMapping: 0.304900 ms MarkObjects: 353.928700 ms  DeleteObjects: 11.910000 ms)

========================================================================
Received Import Request.
  Time since last request: 1182.106773 seconds.
  path: Assets/Scripts/GhostMove.cs
  artifactKey: Guid(6f61bef62785c8a4fa2cab9e12576add) Importer(815301076,1909f56bfc062723c751e8b465ee728b)
Start importing Assets/Scripts/GhostMove.cs using Guid(6f61bef62785c8a4fa2cab9e12576add) Importer(815301076,1909f56bfc062723c751e8b465ee728b)  -> (artifact id: '76378fd302e16767ef3322f68c33bf17') in 0.151691 seconds
  Import took 0.281379 seconds .

========================================================================
Received Import Request.
  Time since last request: 2020.546253 seconds.
  path: Assets/Scripts/GhostMove.cs
  artifactKey: Guid(6f61bef62785c8a4fa2cab9e12576add) Importer(815301076,1909f56bfc062723c751e8b465ee728b)
Start importing Assets/Scripts/GhostMove.cs using Guid(6f61bef62785c8a4fa2cab9e12576add) Importer(815301076,1909f56bfc062723c751e8b465ee728b)  -> (artifact id: '384f4ef9f11bc788211add6336dd5555') in 0.019569 seconds
  Import took 0.302273 seconds .

========================================================================
Received Import Request.
  Time since last request: 10.843106 seconds.
  path: Assets/Scripts/Pacdot.cs
  artifactKey: Guid(37bbdec71f103614b854fdae7562a7d1) Importer(815301076,1909f56bfc062723c751e8b465ee728b)
Start importing Assets/Scripts/Pacdot.cs using Guid(37bbdec71f103614b854fdae7562a7d1) Importer(815301076,1909f56bfc062723c751e8b465ee728b)  -> (artifact id: 'ad8762c33d55a2c2aab85f7850e79281') in 0.037412 seconds
  Import took 0.114253 seconds .

========================================================================
Received Import Request.
  Time since last request: 23.167051 seconds.
  path: Assets/Prefabs/blinky.prefab
  artifactKey: Guid(e7c4e1046c86db840a5a486b6870a6b7) Importer(815301076,1909f56bfc062723c751e8b465ee728b)
Start importing Assets/Prefabs/blinky.prefab using Guid(e7c4e1046c86db840a5a486b6870a6b7) Importer(815301076,1909f56bfc062723c751e8b465ee728b)  -> (artifact id: '136900cb9faf9185fb9c310099872fdb') in 5.508549 seconds
  Import took 5.569430 seconds .

========================================================================
Received Import Request.
  Time since last request: 0.000885 seconds.
  path: Assets/Prefabs/iforgoty.prefab
  artifactKey: Guid(0239358c2106fc54b908c55d6fb00a4f) Importer(815301076,1909f56bfc062723c751e8b465ee728b)
Start importing Assets/Prefabs/iforgoty.prefab using Guid(0239358c2106fc54b908c55d6fb00a4f) Importer(815301076,1909f56bfc062723c751e8b465ee728b)  -> (artifact id: '49d8e5d00deaec4eec36e4f852a23d20') in 1.181287 seconds
  Import took 1.339998 seconds .

========================================================================
Received Import Request.
  Time since last request: 0.000857 seconds.
  path: Assets/Prefabs/pinky.prefab
  artifactKey: Guid(32f1f930eee58244e99e9674c0bac9f8) Importer(815301076,1909f56bfc062723c751e8b465ee728b)
Start importing Assets/Prefabs/pinky.prefab using Guid(32f1f930eee58244e99e9674c0bac9f8) Importer(815301076,1909f56bfc062723c751e8b465ee728b)  -> (artifact id: 'ade09e22aae819b63acbfbebf2458a6b') in 0.513028 seconds
  Import took 0.526386 seconds .

========================================================================
Received Import Request.
  Time since last request: 0.001175 seconds.
  path: Assets/Prefabs/clyde.prefab
  artifactKey: Guid(385e430633b03b241aa7674fb435a8fc) Importer(815301076,1909f56bfc062723c751e8b465ee728b)
Start importing Assets/Prefabs/clyde.prefab using Guid(385e430633b03b241aa7674fb435a8fc) Importer(815301076,1909f56bfc062723c751e8b465ee728b)  -> (artifact id: '0d4f15e3c310736164af7d910d7a4b09') in 0.457510 seconds
  Import took 0.498566 seconds .

========================================================================
Received Prepare
Registering precompiled user dll's ...
Registered in 0.525859 seconds.
Begin MonoManager ReloadAssembly
Native extension for WindowsStandalone target not found
Refreshing native plugins compatible for Editor in 0.83 ms, found 3 plugins.
Preloading 0 native plugins for Editor in 0.00 ms.
Mono: successfully reloaded assembly
- Completed reload, in  4.868 seconds
Platform modules already initialized, skipping
Refreshing native plugins compatible for Editor in 1.52 ms, found 3 plugins.
Preloading 0 native plugins for Editor in 0.00 ms.
Unloading 2084 Unused Serialized files (Serialized files now loaded: 0)
System memory in use before: 96.2 MB.
System memory in use after: 96.2 MB.

Unloading 21 unused Assets to reduce memory usage. Loaded Objects now: 2550.
Total: 5.171500 ms (FindLiveObjects: 0.461900 ms CreateObjectMapping: 0.270400 ms MarkObjects: 4.215400 ms  DeleteObjects: 0.221500 ms)

========================================================================
Received Prepare
Registering precompiled user dll's ...
Registered in 0.063362 seconds.
Begin MonoManager ReloadAssembly
Native extension for WindowsStandalone target not found
Refreshing native plugins compatible for Editor in 0.86 ms, found 3 plugins.
Preloading 0 native plugins for Editor in 0.00 ms.
Mono: successfully reloaded assembly
- Completed reload, in  3.171 seconds
Platform modules already initialized, skipping
Refreshing native plugins compatible for Editor in 2.06 ms, found 3 plugins.
Preloading 0 native plugins for Editor in 0.00 ms.
Unloading 2084 Unused Serialized files (Serialized files now loaded: 0)
System memory in use before: 96.2 MB.
System memory in use after: 96.2 MB.

Unloading 21 unused Assets to reduce memory usage. Loaded Objects now: 2554.
Total: 6.134400 ms (FindLiveObjects: 0.929300 ms CreateObjectMapping: 0.381900 ms MarkObjects: 4.496200 ms  DeleteObjects: 0.323000 ms)

========================================================================
Received Prepare
Registering precompiled user dll's ...
Registered in 0.036369 seconds.
Begin MonoManager ReloadAssembly
Native extension for WindowsStandalone target not found
Refreshing native plugins compatible for Editor in 0.82 ms, found 3 plugins.
Preloading 0 native plugins for Editor in 0.00 ms.
Mono: successfully reloaded assembly
- Completed reload, in  3.470 seconds
Platform modules already initialized, skipping
Refreshing native plugins compatible for Editor in 1.39 ms, found 3 plugins.
Preloading 0 native plugins for Editor in 0.00 ms.
Unloading 2084 Unused Serialized files (Serialized files now loaded: 0)
System memory in use before: 96.2 MB.
System memory in use after: 96.2 MB.

Unloading 21 unused Assets to reduce memory usage. Loaded Objects now: 2558.
Total: 7.752300 ms (FindLiveObjects: 0.586200 ms CreateObjectMapping: 1.971800 ms MarkObjects: 4.801900 ms  DeleteObjects: 0.388800 ms)

========================================================================
Received Prepare
Registering precompiled user dll's ...
Registered in 0.012327 seconds.
Begin MonoManager ReloadAssembly
Native extension for WindowsStandalone target not found
Refreshing native plugins compatible for Editor in 0.81 ms, found 3 plugins.
Preloading 0 native plugins for Editor in 0.00 ms.
Mono: successfully reloaded assembly
- Completed reload, in  3.393 seconds
Platform modules already initialized, skipping
Refreshing native plugins compatible for Editor in 1.54 ms, found 3 plugins.
Preloading 0 native plugins for Editor in 0.00 ms.
Unloading 2084 Unused Serialized files (Serialized files now loaded: 0)
System memory in use before: 96.2 MB.
System memory in use after: 96.2 MB.

Unloading 21 unused Assets to reduce memory usage. Loaded Objects now: 2562.
Total: 4.676400 ms (FindLiveObjects: 0.339100 ms CreateObjectMapping: 0.177800 ms MarkObjects: 3.845200 ms  DeleteObjects: 0.311600 ms)

========================================================================
Received Prepare
Registering precompiled user dll's ...
Registered in 0.033211 seconds.
Begin MonoManager ReloadAssembly
Native extension for WindowsStandalone target not found
Refreshing native plugins compatible for Editor in 0.83 ms, found 3 plugins.
Preloading 0 native plugins for Editor in 0.00 ms.
Mono: successfully reloaded assembly
- Completed reload, in  4.075 seconds
Platform modules already initialized, skipping
Refreshing native plugins compatible for Editor in 2.54 ms, found 3 plugins.
Preloading 0 native plugins for Editor in 0.00 ms.
Unloading 2084 Unused Serialized files (Serialized files now loaded: 0)
System memory in use before: 96.2 MB.
System memory in use after: 96.2 MB.

Unloading 21 unused Assets to reduce memory usage. Loaded Objects now: 2566.
Total: 10.467600 ms (FindLiveObjects: 0.712300 ms CreateObjectMapping: 0.327600 ms MarkObjects: 8.833200 ms  DeleteObjects: 0.589700 ms)

========================================================================
Received Prepare
Registering precompiled user dll's ...
Registered in 0.015762 seconds.
Begin MonoManager ReloadAssembly
Native extension for WindowsStandalone target not found
Refreshing native plugins compatible for Editor in 0.85 ms, found 3 plugins.
Preloading 0 native plugins for Editor in 0.00 ms.
Mono: successfully reloaded assembly
- Completed reload, in  3.135 seconds
Platform modules already initialized, skipping
Refreshing native plugins compatible for Editor in 0.94 ms, found 3 plugins.
Preloading 0 native plugins for Editor in 0.00 ms.
Unloading 2084 Unused Serialized files (Serialized files now loaded: 0)
System memory in use before: 96.2 MB.
System memory in use after: 96.2 MB.

Unloading 21 unused Assets to reduce memory usage. Loaded Objects now: 2570.
Total: 6.347000 ms (FindLiveObjects: 0.434900 ms CreateObjectMapping: 0.274600 ms MarkObjects: 5.372500 ms  DeleteObjects: 0.261700 ms)

========================================================================
Received Prepare
Registering precompiled user dll's ...
Registered in 0.012673 seconds.
Begin MonoManager ReloadAssembly
Native extension for WindowsStandalone target not found
Refreshing native plugins compatible for Editor in 6.22 ms, found 3 plugins.
Preloading 0 native plugins for Editor in 0.00 ms.
Mono: successfully reloaded assembly
- Completed reload, in  4.870 seconds
Platform modules already initialized, skipping
Refreshing native plugins compatible for Editor in 1.60 ms, found 3 plugins.
Preloading 0 native plugins for Editor in 0.00 ms.
Unloading 2084 Unused Serialized files (Serialized files now loaded: 0)
System memory in use before: 96.2 MB.
System memory in use after: 96.2 MB.

Unloading 21 unused Assets to reduce memory usage. Loaded Objects now: 2574.
Total: 5.055100 ms (FindLiveObjects: 0.372100 ms CreateObjectMapping: 0.228400 ms MarkObjects: 4.222600 ms  DeleteObjects: 0.228700 ms)

========================================================================
Received Prepare
Registering precompiled user dll's ...
Registered in 0.012417 seconds.
Begin MonoManager ReloadAssembly
Native extension for WindowsStandalone target not found
Refreshing native plugins compatible for Editor in 0.97 ms, found 3 plugins.
Preloading 0 native plugins for Editor in 0.00 ms.
Mono: successfully reloaded assembly
- Completed reload, in  2.930 seconds
Platform modules already initialized, skipping
Refreshing native plugins compatible for Editor in 34.46 ms, found 3 plugins.
Preloading 0 native plugins for Editor in 0.00 ms.
Unloading 2084 Unused Serialized files (Serialized files now loaded: 0)
System memory in use before: 96.2 MB.
System memory in use after: 96.2 MB.

Unloading 21 unused Assets to reduce memory usage. Loaded Objects now: 2578.
Total: 6.521400 ms (FindLiveObjects: 0.797000 ms CreateObjectMapping: 0.283100 ms MarkObjects: 5.208000 ms  DeleteObjects: 0.229600 ms)

========================================================================
Received Prepare
Registering precompiled user dll's ...
Registered in 0.016656 seconds.
Begin MonoManager ReloadAssembly
Native extension for WindowsStandalone target not found
Refreshing native plugins compatible for Editor in 1.86 ms, found 3 plugins.
Preloading 0 native plugins for Editor in 0.00 ms.
Mono: successfully reloaded assembly
- Completed reload, in  3.880 seconds
Platform modules already initialized, skipping
Refreshing native plugins compatible for Editor in 1.49 ms, found 3 plugins.
Preloading 0 native plugins for Editor in 0.00 ms.
Unloading 2084 Unused Serialized files (Serialized files now loaded: 0)
System memory in use before: 96.3 MB.
System memory in use after: 96.2 MB.

Unloading 21 unused Assets to reduce memory usage. Loaded Objects now: 2582.
Total: 9.907800 ms (FindLiveObjects: 1.242100 ms CreateObjectMapping: 0.671100 ms MarkObjects: 7.630300 ms  DeleteObjects: 0.360300 ms)

========================================================================
Received Prepare
Registering precompiled user dll's ...
Registered in 4.231916 seconds.
Begin MonoManager ReloadAssembly
Native extension for WindowsStandalone target not found
Refreshing native plugins compatible for Editor in 66.31 ms, found 3 plugins.
Preloading 0 native plugins for Editor in 0.00 ms.
Mono: successfully reloaded assembly
- Completed reload, in 32.717 seconds
Platform modules already initialized, skipping
Refreshing native plugins compatible for Editor in 1.43 ms, found 3 plugins.
Preloading 0 native plugins for Editor in 0.00 ms.
Unloading 2084 Unused Serialized files (Serialized files now loaded: 0)
System memory in use before: 96.3 MB.
System memory in use after: 96.2 MB.

Unloading 21 unused Assets to reduce memory usage. Loaded Objects now: 2586.
Total: 116.652100 ms (FindLiveObjects: 0.517100 ms CreateObjectMapping: 0.278900 ms MarkObjects: 115.493500 ms  DeleteObjects: 0.358000 ms)

AssetImportWorkerClient::OnTransportError - code=2 error=End of file
